<?xml version="1.0" encoding="UTF-8"?>
<testng-results ignored="0" total="1" passed="1" failed="0" skipped="0">
  <reporter-output>
  </reporter-output>
  <suite started-at="2022-12-10T05:19:17Z" name="Suite" finished-at="2022-12-10T05:19:27Z" duration-ms="10371">
    <groups>
      <group name="RegressionTest">
        <method signature="ActionsEx2.actionEx2()[pri:0, instance:com.testng.com.ActionsEx2@2c9399a4]" name="actionEx2" class="com.testng.com.ActionsEx2"/>
      </group> <!-- RegressionTest -->
    </groups>
    <test started-at="2022-12-10T05:19:17Z" name="Test" finished-at="2022-12-10T05:19:27Z" duration-ms="10371">
      <class name="com.testng.com.ActionsEx2">
        <test-method is-config="true" signature="lunchBrowser()[pri:0, instance:com.testng.com.ActionsEx2@2c9399a4]" started-at="2022-12-10T05:19:17Z" name="lunchBrowser" finished-at="2022-12-10T05:19:24Z" duration-ms="7058" status="PASS">
          <reporter-output>
          </reporter-output>
        </test-method> <!-- lunchBrowser -->
        <test-method signature="actionEx2()[pri:0, instance:com.testng.com.ActionsEx2@2c9399a4]" started-at="2022-12-10T05:19:24Z" name="actionEx2" finished-at="2022-12-10T05:19:27Z" duration-ms="2993" status="PASS">
          <reporter-output>
          </reporter-output>
        </test-method> <!-- actionEx2 -->
        <test-method is-config="true" signature="closeBrowser()[pri:0, instance:com.testng.com.ActionsEx2@2c9399a4]" started-at="2022-12-10T05:19:27Z" name="closeBrowser" finished-at="2022-12-10T05:19:27Z" duration-ms="263" status="PASS">
          <reporter-output>
          </reporter-output>
        </test-method> <!-- closeBrowser -->
      </class> <!-- com.testng.com.ActionsEx2 -->
    </test> <!-- Test -->
  </suite> <!-- Suite -->
</testng-results>
